Using pre-set license
Built from '6000.1/staging' branch; Version is '6000.1.3f1 (f34db9734971) revision 15945145'; Using compiler version '194234433'; Build Type 'Release'
OS: 'Windows 10  (10.0.19045) 64bit CoreSingleLanguage' Language: 'en' Physical Memory: 7883 MB
BatchMode: 1, IsHumanControllingUs: 0, StartBugReporterOnCrash: 0, Is64bit: 1, IsPro: 1
Date: 2025-05-21T08:30:59Z

COMMAND LINE ARGUMENTS:
C:\Program Files\Unity\Hub\Editor\6000.1.3f1\Editor\Unity.exe
-adb2
-batchMode
-noUpm
-name
AssetImportWorker0
-projectPath
C:/Users/USER/Desktop/My project AR
-logFile
Logs/AssetImportWorker0.log
-srvPort
49958
-job-worker-count
3
-background-job-worker-count
8
-gc-helper-count
1
-name
AssetImport
Successfully changed project path to: C:/Users/USER/Desktop/My project AR
C:/Users/USER/Desktop/My project AR
[UnityMemory] Configuration Parameters - Can be set up in boot.config
    "memorysetup-allocator-temp-initial-block-size-main=262144"
    "memorysetup-allocator-temp-initial-block-size-worker=262144"
    "memorysetup-bucket-allocator-granularity=16"
    "memorysetup-bucket-allocator-bucket-count=8"
    "memorysetup-bucket-allocator-block-size=33554432"
    "memorysetup-bucket-allocator-block-count=8"
    "memorysetup-main-allocator-block-size=16777216"
    "memorysetup-thread-allocator-block-size=16777216"
    "memorysetup-gfx-main-allocator-block-size=16777216"
    "memorysetup-gfx-thread-allocator-block-size=16777216"
    "memorysetup-cache-allocator-block-size=4194304"
    "memorysetup-typetree-allocator-block-size=2097152"
    "memorysetup-profiler-bucket-allocator-granularity=16"
    "memorysetup-profiler-bucket-allocator-bucket-count=8"
    "memorysetup-profiler-bucket-allocator-block-size=33554432"
    "memorysetup-profiler-bucket-allocator-block-count=8"
    "memorysetup-profiler-allocator-block-size=16777216"
    "memorysetup-profiler-editor-allocator-block-size=1048576"
    "memorysetup-temp-allocator-size-main=16777216"
    "memorysetup-job-temp-allocator-block-size=2097152"
    "memorysetup-job-temp-allocator-block-size-background=1048576"
    "memorysetup-job-temp-allocator-reduction-small-platforms=262144"
    "memorysetup-temp-allocator-size-background-worker=32768"
    "memorysetup-temp-allocator-size-job-worker=262144"
    "memorysetup-temp-allocator-size-preload-manager=33554432"
    "memorysetup-temp-allocator-size-nav-mesh-worker=65536"
    "memorysetup-temp-allocator-size-audio-worker=65536"
    "memorysetup-temp-allocator-size-cloud-worker=32768"
    "memorysetup-temp-allocator-size-gi-baking-worker=262144"
    "memorysetup-temp-allocator-size-gi-baking-worker=262144"
    "memorysetup-temp-allocator-size-gi-baking-worker=262144"
    "memorysetup-temp-allocator-size-gi-baking-worker=262144"
    "memorysetup-temp-allocator-size-gi-baking-worker=262144"
    "memorysetup-temp-allocator-size-gfx=262144"
Player connection [4992]  Target information:

Player connection [4992]  * "[IP] 192.168.1.7 [Port] 0 [Flags] 2 [Guid] 425366390 [EditorId] 425366390 [Version] 1048832 [Id] WindowsEditor(7,LAPTOP-01B3HUVC) [Debug] 1 [PackageName] WindowsEditor [ProjectName] Editor" 

Player connection [4992]  * "[IP] 192.168.137.1 [Port] 0 [Flags] 2 [Guid] 425366390 [EditorId] 425366390 [Version] 1048832 [Id] WindowsEditor(7,LAPTOP-01B3HUVC) [Debug] 1 [PackageName] WindowsEditor [ProjectName] Editor" 

Player connection [4992] Host joined multi-casting on [225.0.0.222:54997]...
Player connection [4992] Host joined alternative multi-casting on [225.0.0.222:34997]...
JobSystem: Creating JobQueue using job-worker-count value 3
Input System module state changed to: Initialized.
[Physics::Module] Initialized fallback backend.
[Physics::Module] Id: 0xdecafbad
Library Redirect Path: Library/
[Physics::Module] Selected backend.
[Physics::Module] Name: PhysX
[Physics::Module] Id: 0xf2b8ea05
[Physics::Module] SDK Version: 4.1.2
[Physics::Module] Integration Version: 1.0.0
[Physics::Module] Threading Mode: Multi-Threaded
Refreshing native plugins compatible for Editor in 347.59 ms, found 6 plugins.
Preloading 2 native plugins for Editor in 7.36 ms.
Initialize engine version: 6000.1.3f1 (f34db9734971)
[Subsystems] Discovering subsystems at path C:/Program Files/Unity/Hub/Editor/6000.1.3f1/Editor/Data/Resources/UnitySubsystems
[Subsystems] Discovering subsystems at path C:/Users/USER/Desktop/My project AR/Assets
GfxDevice: creating device client; kGfxThreadingModeNonThreaded
Direct3D:
    Version:         Direct3D 12 [level 12.1]
    Renderer:        NVIDIA GeForce MX350 (ID=0x1c94)
    Vendor:          NVIDIA
    VRAM:            1979 MB
    App VRAM Budget: 1682 MB
    Driver:          30.0.15.1169
Initialize mono
Mono path[0] = 'C:/Program Files/Unity/Hub/Editor/6000.1.3f1/Editor/Data/Managed'
Mono path[1] = 'C:/Program Files/Unity/Hub/Editor/6000.1.3f1/Editor/Data/MonoBleedingEdge/lib/mono/unityjit-win32'
Mono config path = 'C:/Program Files/Unity/Hub/Editor/6000.1.3f1/Editor/Data/MonoBleedingEdge/etc'
Using monoOptions --debugger-agent=transport=dt_socket,embedding=1,server=y,suspend=n,address=127.0.0.1:56504
Begin MonoManager ReloadAssembly
Registering precompiled unity dll's ...
Register platform support module: C:/Program Files/Unity/Hub/Editor/6000.1.3f1/Editor/Data/PlaybackEngines/WindowsStandaloneSupport/UnityEditor.WindowsStandalone.Extensions.dll
Register platform support module: C:/Program Files/Unity/Hub/Editor/6000.1.3f1/Editor/Data/PlaybackEngines/AndroidPlayer/UnityEditor.Android.Extensions.dll
Registered in 0.022715 seconds.
- Loaded All Assemblies, in  5.504 seconds
Native extension for Android target not found
Android Extension - Scanning For ADB Devices 2537 ms
Native extension for WindowsStandalone target not found
Mono: successfully reloaded assembly
- Finished resetting the current domain, in  5.974 seconds
Domain Reload Profiling: 11459ms
	BeginReloadAssembly (2785ms)
		ExecutionOrderSort (1ms)
		DisableScriptedObjects (0ms)
		BackupInstance (0ms)
		ReleaseScriptingObjects (0ms)
		CreateAndSetChildDomain (85ms)
	RebuildCommonClasses (461ms)
	RebuildNativeTypeToScriptingClass (113ms)
	initialDomainReloadingComplete (391ms)
	LoadAllAssembliesAndSetupDomain (1734ms)
		LoadAssemblies (2606ms)
		RebuildTransferFunctionScriptingTraits (0ms)
		AnalyzeDomain (1704ms)
			TypeCache.Refresh (1684ms)
				TypeCache.ScanAssembly (1533ms)
			BuildScriptInfoCaches (0ms)
			ResolveRequiredComponents (14ms)
	FinalizeReload (5975ms)
		ReleaseScriptCaches (0ms)
		RebuildScriptCaches (0ms)
		SetupLoadedEditorAssemblies (5523ms)
			LogAssemblyErrors (0ms)
			InitializePlatformSupportModulesInManaged (3299ms)
			SetLoadedEditorAssemblies (20ms)
			BeforeProcessingInitializeOnLoad (726ms)
			ProcessInitializeOnLoadAttributes (1085ms)
			ProcessInitializeOnLoadMethodAttributes (392ms)
			AfterProcessingInitializeOnLoad (0ms)
			EditorAssembliesLoaded (0ms)
		ExecutionOrderSort2 (0ms)
		AwakeInstancesAfterBackupRestoration (0ms)
========================================================================
Worker process is ready to serve import requests
Import Worker Mode flag is 0x00
Begin MonoManager ReloadAssembly
Symbol file LoadedFromMemory is not a mono symbol file
- Loaded All Assemblies, in  8.716 seconds
Refreshing native plugins compatible for Editor in 27.16 ms, found 6 plugins.
Native extension for Android target not found
Native extension for WindowsStandalone target not found
Mono: successfully reloaded assembly
- Finished resetting the current domain, in  8.771 seconds
Domain Reload Profiling: 17465ms
	BeginReloadAssembly (1388ms)
		ExecutionOrderSort (0ms)
		DisableScriptedObjects (43ms)
		BackupInstance (0ms)
		ReleaseScriptingObjects (0ms)
		CreateAndSetChildDomain (139ms)
	RebuildCommonClasses (314ms)
	RebuildNativeTypeToScriptingClass (93ms)
	initialDomainReloadingComplete (229ms)
	LoadAllAssembliesAndSetupDomain (6668ms)
		LoadAssemblies (4798ms)
		RebuildTransferFunctionScriptingTraits (0ms)
		AnalyzeDomain (2826ms)
			TypeCache.Refresh (2315ms)
				TypeCache.ScanAssembly (2213ms)
			BuildScriptInfoCaches (459ms)
			ResolveRequiredComponents (41ms)
	FinalizeReload (8773ms)
		ReleaseScriptCaches (0ms)
		RebuildScriptCaches (0ms)
		SetupLoadedEditorAssemblies (7320ms)
			LogAssemblyErrors (0ms)
			InitializePlatformSupportModulesInManaged (105ms)
			SetLoadedEditorAssemblies (33ms)
			BeforeProcessingInitializeOnLoad (1537ms)
			ProcessInitializeOnLoadAttributes (5248ms)
			ProcessInitializeOnLoadMethodAttributes (352ms)
			AfterProcessingInitializeOnLoad (45ms)
			EditorAssembliesLoaded (1ms)
		ExecutionOrderSort2 (0ms)
		AwakeInstancesAfterBackupRestoration (37ms)
Launched and connected shader compiler UnityShaderCompiler.exe after 0.19 seconds
Refreshing native plugins compatible for Editor in 16.47 ms, found 6 plugins.
Preloading 2 native plugins for Editor in 0.53 ms.
Unloading 43 Unused Serialized files (Serialized files now loaded: 0)
Unloading 3762 unused Assets / (0.7 MB). Loaded Objects now: 4376.
Memory consumption went from 98.5 MB to 97.8 MB.
Total: 40.476100 ms (FindLiveObjects: 1.686700 ms CreateObjectMapping: 1.831000 ms MarkObjects: 28.584800 ms  DeleteObjects: 8.362200 ms)

========================================================================
Received Import Request.
  Time since last request: 12060.161836 seconds.
  path: Assets/Markers/dragon.png
  artifactKey: Guid(f0c1d5c9c49fe47408876b8772b1caff) Importer(815301076,1909f56bfc062723c751e8b465ee728b)
Start importing Assets/Markers/dragon.png using Guid(f0c1d5c9c49fe47408876b8772b1caff) Importer(815301076,1909f56bfc062723c751e8b465ee728b) (PreviewImporter) -> (artifact id: '35b7b53e1d3644d7b17f9b9965c17263') in 0.9101178 seconds
Number of updated asset objects reloaded before import = 0Number of asset objects unloaded after import = 2

========================================================================
Received Import Request.
  Time since last request: 21.012661 seconds.
  path: Assets/RedDragon 1.2
  artifactKey: Guid(e456cf083ebe3e247ae80ed575f85eb9) Importer(815301076,1909f56bfc062723c751e8b465ee728b)
Start importing Assets/RedDragon 1.2 using Guid(e456cf083ebe3e247ae80ed575f85eb9) Importer(815301076,1909f56bfc062723c751e8b465ee728b) (PreviewImporter) -> (artifact id: '76fab6aab4d5ab64a109c7a9552cafbe') in 0.0023126 seconds
Number of updated asset objects reloaded before import = 0Number of asset objects unloaded after import = 0

========================================================================
Received Import Request.
  Time since last request: 5.413253 seconds.
  path: Assets/RedDragon 1.2/Demo
  artifactKey: Guid(30d13256e3bc65b439a0f14cb805e83f) Importer(815301076,1909f56bfc062723c751e8b465ee728b)
Start importing Assets/RedDragon 1.2/Demo using Guid(30d13256e3bc65b439a0f14cb805e83f) Importer(815301076,1909f56bfc062723c751e8b465ee728b) (PreviewImporter) -> (artifact id: '76f7927dbdc061761fcd4d8213f57960') in 0.0319264 seconds
Number of updated asset objects reloaded before import = 0Number of asset objects unloaded after import = 0

========================================================================
Received Import Request.
  Time since last request: 2.549134 seconds.
  path: Assets/RedDragon 1.2/Demo/RedDragon1.2.unity
  artifactKey: Guid(9c45bfb054f9ff54fa6caf64df248c08) Importer(815301076,1909f56bfc062723c751e8b465ee728b)
Start importing Assets/RedDragon 1.2/Demo/RedDragon1.2.unity using Guid(9c45bfb054f9ff54fa6caf64df248c08) Importer(815301076,1909f56bfc062723c751e8b465ee728b) (PreviewImporter) -> (artifact id: 'be0e6b447bf61a8c833839c7f46143d2') in 0.0025882 seconds
Number of updated asset objects reloaded before import = 0Number of asset objects unloaded after import = 0

========================================================================
Received Prepare
Begin MonoManager ReloadAssembly
Symbol file LoadedFromMemory is not a mono symbol file
- Loaded All Assemblies, in  7.444 seconds
Refreshing native plugins compatible for Editor in 6516.65 ms, found 6 plugins.
Native extension for Android target not found
Native extension for WindowsStandalone target not found
Mono: successfully reloaded assembly
- Finished resetting the current domain, in  5.977 seconds
Domain Reload Profiling: 13385ms
	BeginReloadAssembly (1183ms)
		ExecutionOrderSort (0ms)
		DisableScriptedObjects (38ms)
		BackupInstance (0ms)
		ReleaseScriptingObjects (1ms)
		CreateAndSetChildDomain (231ms)
	RebuildCommonClasses (211ms)
	RebuildNativeTypeToScriptingClass (78ms)
	initialDomainReloadingComplete (255ms)
	LoadAllAssembliesAndSetupDomain (5676ms)
		LoadAssemblies (4682ms)
		RebuildTransferFunctionScriptingTraits (0ms)
		AnalyzeDomain (1587ms)
			TypeCache.Refresh (72ms)
				TypeCache.ScanAssembly (0ms)
			BuildScriptInfoCaches (1457ms)
			ResolveRequiredComponents (48ms)
	FinalizeReload (5981ms)
		ReleaseScriptCaches (0ms)
		RebuildScriptCaches (0ms)
		SetupLoadedEditorAssemblies (5548ms)
			LogAssemblyErrors (0ms)
			InitializePlatformSupportModulesInManaged (35ms)
			SetLoadedEditorAssemblies (11ms)
			BeforeProcessingInitializeOnLoad (836ms)
			ProcessInitializeOnLoadAttributes (4509ms)
			ProcessInitializeOnLoadMethodAttributes (130ms)
			AfterProcessingInitializeOnLoad (24ms)
			EditorAssembliesLoaded (2ms)
		ExecutionOrderSort2 (0ms)
		AwakeInstancesAfterBackupRestoration (24ms)
Refreshing native plugins compatible for Editor in 16.84 ms, found 6 plugins.
Preloading 2 native plugins for Editor in 6.97 ms.
Unloading 3 Unused Serialized files (Serialized files now loaded: 0)
Unloading 3760 unused Assets / (1.2 MB). Loaded Objects now: 4382.
Memory consumption went from 91.0 MB to 89.8 MB.
Total: 34.191500 ms (FindLiveObjects: 2.434600 ms CreateObjectMapping: 1.338700 ms MarkObjects: 21.249800 ms  DeleteObjects: 9.158200 ms)

Prepare: number of updated asset objects reloaded= 0
========================================================================
Received Import Request.
  Time since last request: 101.420498 seconds.
  path: Assets/RedDragon 1.2/Assets
  artifactKey: Guid(40e920839f05c254bbf9c20762d4454c) Importer(815301076,1909f56bfc062723c751e8b465ee728b)
Start importing Assets/RedDragon 1.2/Assets using Guid(40e920839f05c254bbf9c20762d4454c) Importer(815301076,1909f56bfc062723c751e8b465ee728b) (PreviewImporter) -> (artifact id: '58508b20235b20036796473727b5d3e4') in 0.0191996 seconds
Number of updated asset objects reloaded before import = 0Number of asset objects unloaded after import = 0

========================================================================
Received Import Request.
  Time since last request: 3.060981 seconds.
  path: Assets/RedDragon 1.2/Assets/Animator
  artifactKey: Guid(0e3240f46f0c31845baec675a59e9efc) Importer(815301076,1909f56bfc062723c751e8b465ee728b)
Start importing Assets/RedDragon 1.2/Assets/Animator using Guid(0e3240f46f0c31845baec675a59e9efc) Importer(815301076,1909f56bfc062723c751e8b465ee728b) (PreviewImporter) -> (artifact id: '53aca5e9c08bb66bf9e2e3df6d5688da') in 0.000779 seconds
Number of updated asset objects reloaded before import = 0Number of asset objects unloaded after import = 0

========================================================================
Received Import Request.
  Time since last request: 4.215134 seconds.
  path: Assets/RedDragon 1.2/Assets/Materials
  artifactKey: Guid(3b0ad66eb6164af48b895332f7728332) Importer(815301076,1909f56bfc062723c751e8b465ee728b)
Start importing Assets/RedDragon 1.2/Assets/Materials using Guid(3b0ad66eb6164af48b895332f7728332) Importer(815301076,1909f56bfc062723c751e8b465ee728b) (PreviewImporter) -> (artifact id: '4a0f6884c445f433739f672e30ef5647') in 0.0011011 seconds
Number of updated asset objects reloaded before import = 0Number of asset objects unloaded after import = 0

========================================================================
Received Import Request.
  Time since last request: 1.540927 seconds.
  path: Assets/RedDragon 1.2/Assets/Materials/BlackWyvern.mat
  artifactKey: Guid(35e5dafa6a479b74bad185881be745cd) Importer(815301076,1909f56bfc062723c751e8b465ee728b)
Start importing Assets/RedDragon 1.2/Assets/Materials/BlackWyvern.mat using Guid(35e5dafa6a479b74bad185881be745cd) Importer(815301076,1909f56bfc062723c751e8b465ee728b) (PreviewImporter) -> (artifact id: 'c2b73311d76a482d3496d53bba82dd88') in 3.076207 seconds
Number of updated asset objects reloaded before import = 0Number of asset objects unloaded after import = 5

========================================================================
Received Import Request.
  Time since last request: 0.000077 seconds.
  path: Assets/RedDragon 1.2/Assets/Mesh/RedDragon1.2.fbx
  artifactKey: Guid(d8dfac883a64fd946918f3302c93bca5) Importer(815301076,1909f56bfc062723c751e8b465ee728b)
Start importing Assets/RedDragon 1.2/Assets/Mesh/RedDragon1.2.fbx using Guid(d8dfac883a64fd946918f3302c93bca5) Importer(815301076,1909f56bfc062723c751e8b465ee728b) (PreviewImporter) -> (artifact id: '1c5485ce76db5df694ba1d97af9a4921') in 2.2596445 seconds
Number of updated asset objects reloaded before import = 0Number of asset objects unloaded after import = 302

========================================================================
Received Import Request.
  Time since last request: 3.885416 seconds.
  path: Assets/RedDragon 1.2/Assets/Prefab
  artifactKey: Guid(319d6ab892b5c9a47b2eebb44b300db3) Importer(815301076,1909f56bfc062723c751e8b465ee728b)
Start importing Assets/RedDragon 1.2/Assets/Prefab using Guid(319d6ab892b5c9a47b2eebb44b300db3) Importer(815301076,1909f56bfc062723c751e8b465ee728b) (PreviewImporter) -> (artifact id: '7810237cf4b64a6fe2f6eede3bd50149') in 0.0019128 seconds
Number of updated asset objects reloaded before import = 0Number of asset objects unloaded after import = 0

========================================================================
Received Import Request.
  Time since last request: 0.061601 seconds.
  path: Assets/RedDragon 1.2/Assets/Prefab/BlackDragon.prefab
  artifactKey: Guid(51a5e06934e40e1468d0367239466bc4) Importer(815301076,1909f56bfc062723c751e8b465ee728b)
Start importing Assets/RedDragon 1.2/Assets/Prefab/BlackDragon.prefab using Guid(51a5e06934e40e1468d0367239466bc4) Importer(815301076,1909f56bfc062723c751e8b465ee728b) (PreviewImporter) -> (artifact id: '8494a1de95f63f544986bc04c68c5167') in 4.4430671 seconds
Number of updated asset objects reloaded before import = 0Number of asset objects unloaded after import = 342

========================================================================
Received Import Request.
  Time since last request: 4.275770 seconds.
  path: Assets/RedDragon 1.2/Assets/Scripts
  artifactKey: Guid(953c59ab4e8713a47b87c078b4c5ba03) Importer(815301076,1909f56bfc062723c751e8b465ee728b)
Start importing Assets/RedDragon 1.2/Assets/Scripts using Guid(953c59ab4e8713a47b87c078b4c5ba03) Importer(815301076,1909f56bfc062723c751e8b465ee728b) (PreviewImporter) -> (artifact id: 'a5919b91a8b1d937bc052df662479336') in 0.0015599 seconds
Number of updated asset objects reloaded before import = 0Number of asset objects unloaded after import = 0

========================================================================
Received Import Request.
  Time since last request: 2.884003 seconds.
  path: Assets/RedDragon 1.2/Assets/Textures
  artifactKey: Guid(f01f25ac93d59f04b8d8308c68a8eb76) Importer(815301076,1909f56bfc062723c751e8b465ee728b)
Start importing Assets/RedDragon 1.2/Assets/Textures using Guid(f01f25ac93d59f04b8d8308c68a8eb76) Importer(815301076,1909f56bfc062723c751e8b465ee728b) (PreviewImporter) -> (artifact id: '23b44a99aa6e35f3d670f347aa9e3042') in 0.0021985 seconds
Number of updated asset objects reloaded before import = 0Number of asset objects unloaded after import = 0

========================================================================
Received Import Request.
  Time since last request: 1.328672 seconds.
  path: Assets/RedDragon 1.2/Assets/Textures/Red
  artifactKey: Guid(4be54dcbe6cb5ae4fb1fb0a51d71440e) Importer(815301076,1909f56bfc062723c751e8b465ee728b)
Start importing Assets/RedDragon 1.2/Assets/Textures/Red using Guid(4be54dcbe6cb5ae4fb1fb0a51d71440e) Importer(815301076,1909f56bfc062723c751e8b465ee728b) (PreviewImporter) -> (artifact id: 'f6a9a26e419d3c6269efb8d0a5966f39') in 0.001613 seconds
Number of updated asset objects reloaded before import = 0Number of asset objects unloaded after import = 0

========================================================================
Received Import Request.
  Time since last request: 0.108076 seconds.
  path: Assets/RedDragon 1.2/Assets/Textures/Red/Dragon_AlbedoTransparency.tga
  artifactKey: Guid(5a58e457e4595f943b7f5d05264254ac) Importer(815301076,1909f56bfc062723c751e8b465ee728b)
Start importing Assets/RedDragon 1.2/Assets/Textures/Red/Dragon_AlbedoTransparency.tga using Guid(5a58e457e4595f943b7f5d05264254ac) Importer(815301076,1909f56bfc062723c751e8b465ee728b) (PreviewImporter) -> (artifact id: 'aa02a44830bb041e512a83f0d8e767b1') in 1.2364134 seconds
Number of updated asset objects reloaded before import = 0Number of asset objects unloaded after import = 2

========================================================================
Received Import Request.
  Time since last request: 0.000067 seconds.
  path: Assets/RedDragon 1.2/Assets/Textures/Red/Dragon_MetallicSmoothness.tga
  artifactKey: Guid(8c2a8588833c4494badf72d754e1000b) Importer(815301076,1909f56bfc062723c751e8b465ee728b)
Start importing Assets/RedDragon 1.2/Assets/Textures/Red/Dragon_MetallicSmoothness.tga using Guid(8c2a8588833c4494badf72d754e1000b) Importer(815301076,1909f56bfc062723c751e8b465ee728b) (PreviewImporter) -> (artifact id: '8e4eec8bcd6102eda40efbed5b7cefbb') in 0.7401855 seconds
Number of updated asset objects reloaded before import = 0Number of asset objects unloaded after import = 2

========================================================================
Received Import Request.
  Time since last request: 3.712707 seconds.
  path: Assets/RedDragon 1.2/Assets/Textures/BlackWyvern
  artifactKey: Guid(ddf83da08a659564095f27b8503cf3cf) Importer(815301076,1909f56bfc062723c751e8b465ee728b)
Start importing Assets/RedDragon 1.2/Assets/Textures/BlackWyvern using Guid(ddf83da08a659564095f27b8503cf3cf) Importer(815301076,1909f56bfc062723c751e8b465ee728b) (PreviewImporter) -> (artifact id: '36e99e6613ce4834d5c308814cc1a6b4') in 0.0009654 seconds
Number of updated asset objects reloaded before import = 0Number of asset objects unloaded after import = 0

========================================================================
Received Import Request.
  Time since last request: 0.227320 seconds.
  path: Assets/RedDragon 1.2/Assets/Textures/BlackWyvern/Dragon_BlackWyvern_AlbedoTransparency.tga
  artifactKey: Guid(c5651a4f4cdd8f74ab33b46818155a4f) Importer(815301076,1909f56bfc062723c751e8b465ee728b)
Start importing Assets/RedDragon 1.2/Assets/Textures/BlackWyvern/Dragon_BlackWyvern_AlbedoTransparency.tga using Guid(c5651a4f4cdd8f74ab33b46818155a4f) Importer(815301076,1909f56bfc062723c751e8b465ee728b) (PreviewImporter) -> (artifact id: '56650a13985cdf3c5ca847c9fd85f044') in 0.8378475 seconds
Number of updated asset objects reloaded before import = 0Number of asset objects unloaded after import = 2

========================================================================
Received Import Request.
  Time since last request: 218.900968 seconds.
  path: Assets/Meshtint Free Barbarian/Prefabs
  artifactKey: Guid(6e6d38e852a8320459a1575cdce02ae1) Importer(815301076,1909f56bfc062723c751e8b465ee728b)
Start importing Assets/Meshtint Free Barbarian/Prefabs using Guid(6e6d38e852a8320459a1575cdce02ae1) Importer(815301076,1909f56bfc062723c751e8b465ee728b) (PreviewImporter) -> (artifact id: '0817ee8044b531d790651e9599e83e1f') in 0.0020178 seconds
Number of updated asset objects reloaded before import = 0Number of asset objects unloaded after import = 0

========================================================================
Received Import Request.
  Time since last request: 108.791352 seconds.
  path: Assets/Editor/Vuforia/ImageTargetTextures/BeachSceneTargets/BeachBallMarker_scaled.jpg
  artifactKey: Guid(72046bc2874c46b3aef872ffe4923ea0) Importer(815301076,1909f56bfc062723c751e8b465ee728b)
Start importing Assets/Editor/Vuforia/ImageTargetTextures/BeachSceneTargets/BeachBallMarker_scaled.jpg using Guid(72046bc2874c46b3aef872ffe4923ea0) Importer(815301076,1909f56bfc062723c751e8b465ee728b) (PreviewImporter) -> (artifact id: 'c11e5becb36ff894417843581139d84c') in 0.0806361 seconds
Number of updated asset objects reloaded before import = 0Number of asset objects unloaded after import = 2

========================================================================
Received Import Request.
  Time since last request: 0.000029 seconds.
  path: Assets/Editor/Vuforia/ImageTargetTextures/BeachSceneTargets/warground_scaled.jpg
  artifactKey: Guid(38499dc43d4441d9be6d3f008f77110f) Importer(815301076,1909f56bfc062723c751e8b465ee728b)
Start importing Assets/Editor/Vuforia/ImageTargetTextures/BeachSceneTargets/warground_scaled.jpg using Guid(38499dc43d4441d9be6d3f008f77110f) Importer(815301076,1909f56bfc062723c751e8b465ee728b) (PreviewImporter) -> (artifact id: 'e22f914cced7b3a5fb5a6fde6b46a595') in 0.0264383 seconds
Number of updated asset objects reloaded before import = 0Number of asset objects unloaded after import = 2

========================================================================
Received Import Request.
  Time since last request: 6.431678 seconds.
  path: Assets/Final AR Result/LightingData.asset
  artifactKey: Guid(840f9f66ba515d74c932a95cec91d94a) Importer(815301076,1909f56bfc062723c751e8b465ee728b)
Start importing Assets/Final AR Result/LightingData.asset using Guid(840f9f66ba515d74c932a95cec91d94a) Importer(815301076,1909f56bfc062723c751e8b465ee728b) (PreviewImporter) -> (artifact id: 'c581eff8285876f7ac0c5edc9acbc458') in 0.0049791 seconds
Number of updated asset objects reloaded before import = 0Number of asset objects unloaded after import = 5

========================================================================
Received Import Request.
  Time since last request: 175.035811 seconds.
  path: Assets/RedDragon 1.2/Assets/Mesh/RedDragon1.2.fbx
  artifactKey: Guid(d8dfac883a64fd946918f3302c93bca5) Importer(815301076,1909f56bfc062723c751e8b465ee728b)
Start importing Assets/RedDragon 1.2/Assets/Mesh/RedDragon1.2.fbx using Guid(d8dfac883a64fd946918f3302c93bca5) Importer(815301076,1909f56bfc062723c751e8b465ee728b) (PreviewImporter) -> (artifact id: '779b7f626ff1520b2a48c106894f0617') in 0.830208 seconds
Number of updated asset objects reloaded before import = 0Number of asset objects unloaded after import = 301

========================================================================
Received Import Request.
  Time since last request: 31.323708 seconds.
  path: Assets/AShopExport/Barbarian mage/ku_li_yuan_ren_001_ty.FBX
  artifactKey: Guid(c07955034805f164bb8dae82fa561fe5) Importer(815301076,1909f56bfc062723c751e8b465ee728b)
Start importing Assets/AShopExport/Barbarian mage/ku_li_yuan_ren_001_ty.FBX using Guid(c07955034805f164bb8dae82fa561fe5) Importer(815301076,1909f56bfc062723c751e8b465ee728b) (PreviewImporter) -> (artifact id: '27dd3df5abcba4c7554801460fb1d94d') in 0.1743103 seconds
Number of updated asset objects reloaded before import = 0Number of asset objects unloaded after import = 94

========================================================================
Received Prepare
Begin MonoManager ReloadAssembly
Symbol file LoadedFromMemory is not a mono symbol file
- Loaded All Assemblies, in  9.266 seconds
Refreshing native plugins compatible for Editor in 26.11 ms, found 6 plugins.
Native extension for Android target not found
Native extension for WindowsStandalone target not found
Mono: successfully reloaded assembly
- Finished resetting the current domain, in  3.365 seconds
Domain Reload Profiling: 12724ms
	BeginReloadAssembly (1486ms)
		ExecutionOrderSort (0ms)
		DisableScriptedObjects (32ms)
		BackupInstance (0ms)
		ReleaseScriptingObjects (4ms)
		CreateAndSetChildDomain (300ms)
	RebuildCommonClasses (528ms)
	RebuildNativeTypeToScriptingClass (250ms)
	initialDomainReloadingComplete (343ms)
	LoadAllAssembliesAndSetupDomain (6746ms)
		LoadAssemblies (3761ms)
		RebuildTransferFunctionScriptingTraits (0ms)
		AnalyzeDomain (3776ms)
			TypeCache.Refresh (72ms)
				TypeCache.ScanAssembly (0ms)
			BuildScriptInfoCaches (3590ms)
			ResolveRequiredComponents (64ms)
	FinalizeReload (3370ms)
		ReleaseScriptCaches (0ms)
		RebuildScriptCaches (0ms)
		SetupLoadedEditorAssemblies (2667ms)
			LogAssemblyErrors (1ms)
			InitializePlatformSupportModulesInManaged (110ms)
			SetLoadedEditorAssemblies (54ms)
			BeforeProcessingInitializeOnLoad (582ms)
			ProcessInitializeOnLoadAttributes (1803ms)
			ProcessInitializeOnLoadMethodAttributes (91ms)
			AfterProcessingInitializeOnLoad (23ms)
			EditorAssembliesLoaded (2ms)
		ExecutionOrderSort2 (0ms)
		AwakeInstancesAfterBackupRestoration (23ms)
Refreshing native plugins compatible for Editor in 30.80 ms, found 6 plugins.
Preloading 2 native plugins for Editor in 1.03 ms.
Unloading 2 Unused Serialized files (Serialized files now loaded: 0)
Unloading 3760 unused Assets / (0.8 MB). Loaded Objects now: 4426.
Memory consumption went from 104.9 MB to 104.1 MB.
Total: 63.917000 ms (FindLiveObjects: 1.573000 ms CreateObjectMapping: 1.052700 ms MarkObjects: 47.644200 ms  DeleteObjects: 13.640800 ms)

Prepare: number of updated asset objects reloaded= 0
========================================================================
Received Prepare
Begin MonoManager ReloadAssembly
Symbol file LoadedFromMemory is not a mono symbol file
- Loaded All Assemblies, in  6.650 seconds
Refreshing native plugins compatible for Editor in 34.64 ms, found 6 plugins.
Native extension for Android target not found
Native extension for WindowsStandalone target not found
Mono: successfully reloaded assembly
- Finished resetting the current domain, in  9.515 seconds
Domain Reload Profiling: 16143ms
	BeginReloadAssembly (1013ms)
		ExecutionOrderSort (0ms)
		DisableScriptedObjects (33ms)
		BackupInstance (0ms)
		ReleaseScriptingObjects (0ms)
		CreateAndSetChildDomain (144ms)
	RebuildCommonClasses (221ms)
	RebuildNativeTypeToScriptingClass (91ms)
	initialDomainReloadingComplete (188ms)
	LoadAllAssembliesAndSetupDomain (5112ms)
		LoadAssemblies (2614ms)
		RebuildTransferFunctionScriptingTraits (0ms)
		AnalyzeDomain (3117ms)
			TypeCache.Refresh (36ms)
				TypeCache.ScanAssembly (0ms)
			BuildScriptInfoCaches (2858ms)
			ResolveRequiredComponents (188ms)
	FinalizeReload (9519ms)
		ReleaseScriptCaches (0ms)
		RebuildScriptCaches (0ms)
		SetupLoadedEditorAssemblies (5775ms)
			LogAssemblyErrors (0ms)
			InitializePlatformSupportModulesInManaged (486ms)
			SetLoadedEditorAssemblies (89ms)
			BeforeProcessingInitializeOnLoad (1449ms)
			ProcessInitializeOnLoadAttributes (3330ms)
			ProcessInitializeOnLoadMethodAttributes (384ms)
			AfterProcessingInitializeOnLoad (35ms)
			EditorAssembliesLoaded (1ms)
		ExecutionOrderSort2 (0ms)
		AwakeInstancesAfterBackupRestoration (53ms)
Refreshing native plugins compatible for Editor in 23.36 ms, found 6 plugins.
Preloading 2 native plugins for Editor in 0.68 ms.
Unloading 2 Unused Serialized files (Serialized files now loaded: 0)
Unloading 3760 unused Assets / (1.2 MB). Loaded Objects now: 4426.
Memory consumption went from 105.2 MB to 104.0 MB.
Total: 47.636000 ms (FindLiveObjects: 6.126600 ms CreateObjectMapping: 3.598800 ms MarkObjects: 29.507900 ms  DeleteObjects: 8.396100 ms)

Prepare: number of updated asset objects reloaded= 0
========================================================================
Received Prepare
Begin MonoManager ReloadAssembly
Symbol file LoadedFromMemory is not a mono symbol file
- Loaded All Assemblies, in  4.197 seconds
Refreshing native plugins compatible for Editor in 8.43 ms, found 6 plugins.
Native extension for Android target not found
Native extension for WindowsStandalone target not found
Mono: successfully reloaded assembly
- Finished resetting the current domain, in  3.001 seconds
Domain Reload Profiling: 7202ms
	BeginReloadAssembly (1046ms)
		ExecutionOrderSort (0ms)
		DisableScriptedObjects (37ms)
		BackupInstance (0ms)
		ReleaseScriptingObjects (1ms)
		CreateAndSetChildDomain (225ms)
	RebuildCommonClasses (106ms)
	RebuildNativeTypeToScriptingClass (37ms)
	initialDomainReloadingComplete (216ms)
	LoadAllAssembliesAndSetupDomain (2793ms)
		LoadAssemblies (2512ms)
		RebuildTransferFunctionScriptingTraits (0ms)
		AnalyzeDomain (913ms)
			TypeCache.Refresh (23ms)
				TypeCache.ScanAssembly (0ms)
			BuildScriptInfoCaches (825ms)
			ResolveRequiredComponents (26ms)
	FinalizeReload (3003ms)
		ReleaseScriptCaches (0ms)
		RebuildScriptCaches (0ms)
		SetupLoadedEditorAssemblies (2473ms)
			LogAssemblyErrors (0ms)
			InitializePlatformSupportModulesInManaged (46ms)
			SetLoadedEditorAssemblies (13ms)
			BeforeProcessingInitializeOnLoad (726ms)
			ProcessInitializeOnLoadAttributes (1530ms)
			ProcessInitializeOnLoadMethodAttributes (132ms)
			AfterProcessingInitializeOnLoad (23ms)
			EditorAssembliesLoaded (3ms)
		ExecutionOrderSort2 (0ms)
		AwakeInstancesAfterBackupRestoration (22ms)
Refreshing native plugins compatible for Editor in 12.31 ms, found 6 plugins.
Preloading 2 native plugins for Editor in 0.24 ms.
Unloading 2 Unused Serialized files (Serialized files now loaded: 0)
Unloading 3760 unused Assets / (0.9 MB). Loaded Objects now: 4426.
Memory consumption went from 105.6 MB to 104.7 MB.
Total: 15.311000 ms (FindLiveObjects: 0.633000 ms CreateObjectMapping: 0.549100 ms MarkObjects: 12.175700 ms  DeleteObjects: 1.945500 ms)

Prepare: number of updated asset objects reloaded= 0
========================================================================
Received Prepare
Begin MonoManager ReloadAssembly
Symbol file LoadedFromMemory is not a mono symbol file
- Loaded All Assemblies, in  4.336 seconds
Refreshing native plugins compatible for Editor in 27.64 ms, found 6 plugins.
Native extension for Android target not found
Native extension for WindowsStandalone target not found
Mono: successfully reloaded assembly
- Finished resetting the current domain, in  3.043 seconds
Domain Reload Profiling: 7367ms
	BeginReloadAssembly (970ms)
		ExecutionOrderSort (0ms)
		DisableScriptedObjects (49ms)
		BackupInstance (0ms)
		ReleaseScriptingObjects (0ms)
		CreateAndSetChildDomain (193ms)
	RebuildCommonClasses (213ms)
	RebuildNativeTypeToScriptingClass (61ms)
	initialDomainReloadingComplete (176ms)
	LoadAllAssembliesAndSetupDomain (2902ms)
		LoadAssemblies (2062ms)
		RebuildTransferFunctionScriptingTraits (0ms)
		AnalyzeDomain (1351ms)
			TypeCache.Refresh (36ms)
				TypeCache.ScanAssembly (0ms)
			BuildScriptInfoCaches (1239ms)
			ResolveRequiredComponents (57ms)
	FinalizeReload (3045ms)
		ReleaseScriptCaches (0ms)
		RebuildScriptCaches (0ms)
		SetupLoadedEditorAssemblies (2416ms)
			LogAssemblyErrors (0ms)
			InitializePlatformSupportModulesInManaged (55ms)
			SetLoadedEditorAssemblies (16ms)
			BeforeProcessingInitializeOnLoad (573ms)
			ProcessInitializeOnLoadAttributes (1617ms)
			ProcessInitializeOnLoadMethodAttributes (125ms)
			AfterProcessingInitializeOnLoad (30ms)
			EditorAssembliesLoaded (1ms)
		ExecutionOrderSort2 (0ms)
		AwakeInstancesAfterBackupRestoration (25ms)
Refreshing native plugins compatible for Editor in 13.51 ms, found 6 plugins.
Preloading 2 native plugins for Editor in 0.40 ms.
Unloading 2 Unused Serialized files (Serialized files now loaded: 0)
Unloading 3760 unused Assets / (1.2 MB). Loaded Objects now: 4426.
Memory consumption went from 106.0 MB to 104.8 MB.
Total: 23.801700 ms (FindLiveObjects: 1.080600 ms CreateObjectMapping: 1.295200 ms MarkObjects: 14.957300 ms  DeleteObjects: 6.461800 ms)

Prepare: number of updated asset objects reloaded= 0
========================================================================
Received Prepare
Begin MonoManager ReloadAssembly
Symbol file LoadedFromMemory is not a mono symbol file
- Loaded All Assemblies, in  2.578 seconds
Refreshing native plugins compatible for Editor in 26.08 ms, found 6 plugins.
Native extension for Android target not found
Native extension for WindowsStandalone target not found
Mono: successfully reloaded assembly
- Finished resetting the current domain, in  5.335 seconds
Domain Reload Profiling: 7910ms
	BeginReloadAssembly (529ms)
		ExecutionOrderSort (0ms)
		DisableScriptedObjects (19ms)
		BackupInstance (0ms)
		ReleaseScriptingObjects (0ms)
		CreateAndSetChildDomain (98ms)
	RebuildCommonClasses (170ms)
	RebuildNativeTypeToScriptingClass (62ms)
	initialDomainReloadingComplete (109ms)
	LoadAllAssembliesAndSetupDomain (1702ms)
		LoadAssemblies (1063ms)
		RebuildTransferFunctionScriptingTraits (0ms)
		AnalyzeDomain (916ms)
			TypeCache.Refresh (14ms)
				TypeCache.ScanAssembly (0ms)
			BuildScriptInfoCaches (853ms)
			ResolveRequiredComponents (36ms)
	FinalizeReload (5338ms)
		ReleaseScriptCaches (0ms)
		RebuildScriptCaches (0ms)
		SetupLoadedEditorAssemblies (4184ms)
			LogAssemblyErrors (0ms)
			InitializePlatformSupportModulesInManaged (134ms)
			SetLoadedEditorAssemblies (36ms)
			BeforeProcessingInitializeOnLoad (1222ms)
			ProcessInitializeOnLoadAttributes (2639ms)
			ProcessInitializeOnLoadMethodAttributes (115ms)
			AfterProcessingInitializeOnLoad (38ms)
			EditorAssembliesLoaded (1ms)
		ExecutionOrderSort2 (0ms)
		AwakeInstancesAfterBackupRestoration (39ms)
Refreshing native plugins compatible for Editor in 22.03 ms, found 6 plugins.
Preloading 2 native plugins for Editor in 0.33 ms.
Unloading 2 Unused Serialized files (Serialized files now loaded: 0)
Unloading 3760 unused Assets / (1.1 MB). Loaded Objects now: 4426.
Memory consumption went from 106.4 MB to 105.3 MB.
Total: 27.834500 ms (FindLiveObjects: 1.082500 ms CreateObjectMapping: 2.141100 ms MarkObjects: 19.765300 ms  DeleteObjects: 4.840700 ms)

Prepare: number of updated asset objects reloaded= 0
========================================================================
Received Prepare
Begin MonoManager ReloadAssembly
Symbol file LoadedFromMemory is not a mono symbol file
- Loaded All Assemblies, in  3.527 seconds
Refreshing native plugins compatible for Editor in 10.02 ms, found 6 plugins.
Native extension for Android target not found
Native extension for WindowsStandalone target not found
Mono: successfully reloaded assembly
- Finished resetting the current domain, in  2.161 seconds
Domain Reload Profiling: 5685ms
	BeginReloadAssembly (904ms)
		ExecutionOrderSort (0ms)
		DisableScriptedObjects (33ms)
		BackupInstance (0ms)
		ReleaseScriptingObjects (0ms)
		CreateAndSetChildDomain (191ms)
	RebuildCommonClasses (158ms)
	RebuildNativeTypeToScriptingClass (33ms)
	initialDomainReloadingComplete (125ms)
	LoadAllAssembliesAndSetupDomain (2302ms)
		LoadAssemblies (1613ms)
		RebuildTransferFunctionScriptingTraits (0ms)
		AnalyzeDomain (1182ms)
			TypeCache.Refresh (32ms)
				TypeCache.ScanAssembly (0ms)
			BuildScriptInfoCaches (1098ms)
			ResolveRequiredComponents (39ms)
	FinalizeReload (2163ms)
		ReleaseScriptCaches (0ms)
		RebuildScriptCaches (0ms)
		SetupLoadedEditorAssemblies (1666ms)
			LogAssemblyErrors (0ms)
			InitializePlatformSupportModulesInManaged (53ms)
			SetLoadedEditorAssemblies (11ms)
			BeforeProcessingInitializeOnLoad (347ms)
			ProcessInitializeOnLoadAttributes (1127ms)
			ProcessInitializeOnLoadMethodAttributes (111ms)
			AfterProcessingInitializeOnLoad (15ms)
			EditorAssembliesLoaded (1ms)
		ExecutionOrderSort2 (0ms)
		AwakeInstancesAfterBackupRestoration (21ms)
Refreshing native plugins compatible for Editor in 5.62 ms, found 6 plugins.
Preloading 2 native plugins for Editor in 0.36 ms.
Unloading 2 Unused Serialized files (Serialized files now loaded: 0)
Unloading 3760 unused Assets / (1.0 MB). Loaded Objects now: 4426.
Memory consumption went from 106.7 MB to 105.7 MB.
Total: 10.836100 ms (FindLiveObjects: 0.603500 ms CreateObjectMapping: 0.393400 ms MarkObjects: 8.276100 ms  DeleteObjects: 1.560200 ms)

Prepare: number of updated asset objects reloaded= 0
========================================================================
Received Prepare
Begin MonoManager ReloadAssembly
Symbol file LoadedFromMemory is not a mono symbol file
- Loaded All Assemblies, in  3.305 seconds
Refreshing native plugins compatible for Editor in 14.14 ms, found 6 plugins.
Native extension for Android target not found
Native extension for WindowsStandalone target not found
Mono: successfully reloaded assembly
- Finished resetting the current domain, in  3.519 seconds
Domain Reload Profiling: 6806ms
	BeginReloadAssembly (842ms)
		ExecutionOrderSort (0ms)
		DisableScriptedObjects (27ms)
		BackupInstance (0ms)
		ReleaseScriptingObjects (0ms)
		CreateAndSetChildDomain (159ms)
	RebuildCommonClasses (221ms)
	RebuildNativeTypeToScriptingClass (62ms)
	initialDomainReloadingComplete (127ms)
	LoadAllAssembliesAndSetupDomain (2033ms)
		LoadAssemblies (1561ms)
		RebuildTransferFunctionScriptingTraits (0ms)
		AnalyzeDomain (946ms)
			TypeCache.Refresh (25ms)
				TypeCache.ScanAssembly (0ms)
			BuildScriptInfoCaches (867ms)
			ResolveRequiredComponents (39ms)
	FinalizeReload (3521ms)
		ReleaseScriptCaches (0ms)
		RebuildScriptCaches (0ms)
		SetupLoadedEditorAssemblies (2728ms)
			LogAssemblyErrors (0ms)
			InitializePlatformSupportModulesInManaged (57ms)
			SetLoadedEditorAssemblies (18ms)
			BeforeProcessingInitializeOnLoad (813ms)
			ProcessInitializeOnLoadAttributes (1714ms)
			ProcessInitializeOnLoadMethodAttributes (98ms)
			AfterProcessingInitializeOnLoad (28ms)
			EditorAssembliesLoaded (1ms)
		ExecutionOrderSort2 (0ms)
		AwakeInstancesAfterBackupRestoration (28ms)
Refreshing native plugins compatible for Editor in 13.77 ms, found 6 plugins.
Preloading 2 native plugins for Editor in 0.43 ms.
Unloading 2 Unused Serialized files (Serialized files now loaded: 0)
Unloading 3760 unused Assets / (1.2 MB). Loaded Objects now: 4426.
Memory consumption went from 107.1 MB to 105.9 MB.
Total: 18.089200 ms (FindLiveObjects: 1.058900 ms CreateObjectMapping: 0.613200 ms MarkObjects: 13.664700 ms  DeleteObjects: 2.747900 ms)

Prepare: number of updated asset objects reloaded= 0
========================================================================
Received Prepare
Begin MonoManager ReloadAssembly
Symbol file LoadedFromMemory is not a mono symbol file
- Loaded All Assemblies, in  3.511 seconds
Refreshing native plugins compatible for Editor in 39.55 ms, found 6 plugins.
Native extension for Android target not found
Native extension for WindowsStandalone target not found
Mono: successfully reloaded assembly
- Finished resetting the current domain, in  3.689 seconds
Domain Reload Profiling: 7190ms
	BeginReloadAssembly (978ms)
		ExecutionOrderSort (0ms)
		DisableScriptedObjects (30ms)
		BackupInstance (0ms)
		ReleaseScriptingObjects (0ms)
		CreateAndSetChildDomain (157ms)
	RebuildCommonClasses (202ms)
	RebuildNativeTypeToScriptingClass (57ms)
	initialDomainReloadingComplete (150ms)
	LoadAllAssembliesAndSetupDomain (2112ms)
		LoadAssemblies (1897ms)
		RebuildTransferFunctionScriptingTraits (0ms)
		AnalyzeDomain (818ms)
			TypeCache.Refresh (33ms)
				TypeCache.ScanAssembly (0ms)
			BuildScriptInfoCaches (740ms)
			ResolveRequiredComponents (36ms)
	FinalizeReload (3690ms)
		ReleaseScriptCaches (0ms)
		RebuildScriptCaches (0ms)
		SetupLoadedEditorAssemblies (2940ms)
			LogAssemblyErrors (0ms)
			InitializePlatformSupportModulesInManaged (75ms)
			SetLoadedEditorAssemblies (20ms)
			BeforeProcessingInitializeOnLoad (817ms)
			ProcessInitializeOnLoadAttributes (1815ms)
			ProcessInitializeOnLoadMethodAttributes (150ms)
			AfterProcessingInitializeOnLoad (62ms)
			EditorAssembliesLoaded (1ms)
		ExecutionOrderSort2 (0ms)
		AwakeInstancesAfterBackupRestoration (49ms)
Refreshing native plugins compatible for Editor in 15.32 ms, found 6 plugins.
Preloading 2 native plugins for Editor in 0.46 ms.
Unloading 2 Unused Serialized files (Serialized files now loaded: 0)
Unloading 3760 unused Assets / (1.2 MB). Loaded Objects now: 4426.
Memory consumption went from 107.5 MB to 106.3 MB.
Total: 23.278400 ms (FindLiveObjects: 1.362700 ms CreateObjectMapping: 1.153000 ms MarkObjects: 16.178900 ms  DeleteObjects: 4.579900 ms)

Prepare: number of updated asset objects reloaded= 0
========================================================================
Received Prepare
Begin MonoManager ReloadAssembly
Symbol file LoadedFromMemory is not a mono symbol file
- Loaded All Assemblies, in  6.564 seconds
Refreshing native plugins compatible for Editor in 22.71 ms, found 6 plugins.
Native extension for Android target not found
Native extension for WindowsStandalone target not found
Mono: successfully reloaded assembly
- Finished resetting the current domain, in  4.775 seconds
Domain Reload Profiling: 11151ms
	BeginReloadAssembly (1909ms)
		ExecutionOrderSort (0ms)
		DisableScriptedObjects (29ms)
		BackupInstance (0ms)
		ReleaseScriptingObjects (0ms)
		CreateAndSetChildDomain (203ms)
	RebuildCommonClasses (490ms)
	RebuildNativeTypeToScriptingClass (195ms)
	initialDomainReloadingComplete (238ms)
	LoadAllAssembliesAndSetupDomain (3540ms)
		LoadAssemblies (3197ms)
		RebuildTransferFunctionScriptingTraits (0ms)
		AnalyzeDomain (1770ms)
			TypeCache.Refresh (30ms)
				TypeCache.ScanAssembly (0ms)
			BuildScriptInfoCaches (1558ms)
			ResolveRequiredComponents (161ms)
	FinalizeReload (4779ms)
		ReleaseScriptCaches (0ms)
		RebuildScriptCaches (0ms)
		SetupLoadedEditorAssemblies (3526ms)
			LogAssemblyErrors (0ms)
			InitializePlatformSupportModulesInManaged (68ms)
			SetLoadedEditorAssemblies (21ms)
			BeforeProcessingInitializeOnLoad (850ms)
			ProcessInitializeOnLoadAttributes (2425ms)
			ProcessInitializeOnLoadMethodAttributes (134ms)
			AfterProcessingInitializeOnLoad (27ms)
			EditorAssembliesLoaded (2ms)
		ExecutionOrderSort2 (0ms)
		AwakeInstancesAfterBackupRestoration (30ms)
Refreshing native plugins compatible for Editor in 36.23 ms, found 6 plugins.
Preloading 2 native plugins for Editor in 0.83 ms.
Unloading 2 Unused Serialized files (Serialized files now loaded: 0)
Unloading 3760 unused Assets / (1.1 MB). Loaded Objects now: 4426.
Memory consumption went from 107.9 MB to 106.8 MB.
Total: 32.463700 ms (FindLiveObjects: 2.147900 ms CreateObjectMapping: 1.787300 ms MarkObjects: 23.526800 ms  DeleteObjects: 4.995800 ms)

Prepare: number of updated asset objects reloaded= 0
========================================================================
Received Prepare
Begin MonoManager ReloadAssembly
Symbol file LoadedFromMemory is not a mono symbol file
- Loaded All Assemblies, in  3.622 seconds
Refreshing native plugins compatible for Editor in 24.84 ms, found 6 plugins.
Native extension for Android target not found
Native extension for WindowsStandalone target not found
Mono: successfully reloaded assembly
- Finished resetting the current domain, in  2.237 seconds
Domain Reload Profiling: 5843ms
	BeginReloadAssembly (946ms)
		ExecutionOrderSort (0ms)
		DisableScriptedObjects (26ms)
		BackupInstance (0ms)
		ReleaseScriptingObjects (0ms)
		CreateAndSetChildDomain (170ms)
	RebuildCommonClasses (214ms)
	RebuildNativeTypeToScriptingClass (74ms)
	initialDomainReloadingComplete (183ms)
	LoadAllAssembliesAndSetupDomain (2186ms)
		LoadAssemblies (1674ms)
		RebuildTransferFunctionScriptingTraits (0ms)
		AnalyzeDomain (992ms)
			TypeCache.Refresh (32ms)
				TypeCache.ScanAssembly (0ms)
			BuildScriptInfoCaches (903ms)
			ResolveRequiredComponents (45ms)
	FinalizeReload (2239ms)
		ReleaseScriptCaches (0ms)
		RebuildScriptCaches (0ms)
		SetupLoadedEditorAssemblies (1711ms)
			LogAssemblyErrors (0ms)
			InitializePlatformSupportModulesInManaged (45ms)
			SetLoadedEditorAssemblies (11ms)
			BeforeProcessingInitializeOnLoad (397ms)
			ProcessInitializeOnLoadAttributes (1141ms)
			ProcessInitializeOnLoadMethodAttributes (98ms)
			AfterProcessingInitializeOnLoad (17ms)
			EditorAssembliesLoaded (1ms)
		ExecutionOrderSort2 (0ms)
		AwakeInstancesAfterBackupRestoration (21ms)
Refreshing native plugins compatible for Editor in 10.11 ms, found 6 plugins.
Preloading 2 native plugins for Editor in 0.23 ms.
Unloading 2 Unused Serialized files (Serialized files now loaded: 0)
Unloading 3760 unused Assets / (1.3 MB). Loaded Objects now: 4426.
Memory consumption went from 108.3 MB to 107.0 MB.
Total: 16.095900 ms (FindLiveObjects: 0.497000 ms CreateObjectMapping: 0.438000 ms MarkObjects: 11.229600 ms  DeleteObjects: 3.927800 ms)

Prepare: number of updated asset objects reloaded= 0
========================================================================
Received Prepare
Begin MonoManager ReloadAssembly
Symbol file LoadedFromMemory is not a mono symbol file
- Loaded All Assemblies, in  2.221 seconds
Refreshing native plugins compatible for Editor in 10.61 ms, found 6 plugins.
Native extension for Android target not found
Native extension for WindowsStandalone target not found
Mono: successfully reloaded assembly
- Finished resetting the current domain, in  1.384 seconds
Domain Reload Profiling: 3593ms
	BeginReloadAssembly (673ms)
		ExecutionOrderSort (0ms)
		DisableScriptedObjects (34ms)
		BackupInstance (0ms)
		ReleaseScriptingObjects (1ms)
		CreateAndSetChildDomain (251ms)
	RebuildCommonClasses (103ms)
	RebuildNativeTypeToScriptingClass (43ms)
	initialDomainReloadingComplete (106ms)
	LoadAllAssembliesAndSetupDomain (1283ms)
		LoadAssemblies (1077ms)
		RebuildTransferFunctionScriptingTraits (0ms)
		AnalyzeDomain (453ms)
			TypeCache.Refresh (18ms)
				TypeCache.ScanAssembly (0ms)
			BuildScriptInfoCaches (392ms)
			ResolveRequiredComponents (18ms)
	FinalizeReload (1385ms)
		ReleaseScriptCaches (0ms)
		RebuildScriptCaches (0ms)
		SetupLoadedEditorAssemblies (1086ms)
			LogAssemblyErrors (0ms)
			InitializePlatformSupportModulesInManaged (23ms)
			SetLoadedEditorAssemblies (8ms)
			BeforeProcessingInitializeOnLoad (293ms)
			ProcessInitializeOnLoadAttributes (690ms)
			ProcessInitializeOnLoadMethodAttributes (57ms)
			AfterProcessingInitializeOnLoad (14ms)
			EditorAssembliesLoaded (2ms)
		ExecutionOrderSort2 (0ms)
		AwakeInstancesAfterBackupRestoration (9ms)
Refreshing native plugins compatible for Editor in 7.14 ms, found 6 plugins.
Preloading 2 native plugins for Editor in 0.12 ms.
Unloading 2 Unused Serialized files (Serialized files now loaded: 0)
Unloading 3760 unused Assets / (0.9 MB). Loaded Objects now: 4426.
Memory consumption went from 108.7 MB to 107.8 MB.
Total: 10.639200 ms (FindLiveObjects: 0.826900 ms CreateObjectMapping: 0.428100 ms MarkObjects: 6.879200 ms  DeleteObjects: 2.500000 ms)

Prepare: number of updated asset objects reloaded= 0
========================================================================
Received Prepare
Begin MonoManager ReloadAssembly
Symbol file LoadedFromMemory is not a mono symbol file
- Loaded All Assemblies, in 15.165 seconds
Refreshing native plugins compatible for Editor in 18.85 ms, found 6 plugins.
Native extension for Android target not found
Native extension for WindowsStandalone target not found
Mono: successfully reloaded assembly
- Finished resetting the current domain, in  2.309 seconds
Domain Reload Profiling: 17464ms
	BeginReloadAssembly (4071ms)
		ExecutionOrderSort (1ms)
		DisableScriptedObjects (324ms)
		BackupInstance (0ms)
		ReleaseScriptingObjects (5ms)
		CreateAndSetChildDomain (1853ms)
	RebuildCommonClasses (259ms)
	RebuildNativeTypeToScriptingClass (71ms)
	initialDomainReloadingComplete (179ms)
	LoadAllAssembliesAndSetupDomain (10572ms)
		LoadAssemblies (10446ms)
		RebuildTransferFunctionScriptingTraits (0ms)
		AnalyzeDomain (1052ms)
			TypeCache.Refresh (27ms)
				TypeCache.ScanAssembly (0ms)
			BuildScriptInfoCaches (965ms)
			ResolveRequiredComponents (29ms)
	FinalizeReload (2312ms)
		ReleaseScriptCaches (0ms)
		RebuildScriptCaches (0ms)
		SetupLoadedEditorAssemblies (1753ms)
			LogAssemblyErrors (0ms)
			InitializePlatformSupportModulesInManaged (84ms)
			SetLoadedEditorAssemblies (37ms)
			BeforeProcessingInitializeOnLoad (415ms)
			ProcessInitializeOnLoadAttributes (1072ms)
			ProcessInitializeOnLoadMethodAttributes (117ms)
			AfterProcessingInitializeOnLoad (27ms)
			EditorAssembliesLoaded (3ms)
		ExecutionOrderSort2 (0ms)
		AwakeInstancesAfterBackupRestoration (20ms)
Refreshing native plugins compatible for Editor in 10.02 ms, found 6 plugins.
Preloading 2 native plugins for Editor in 1.25 ms.
Unloading 2 Unused Serialized files (Serialized files now loaded: 0)
Unloading 3760 unused Assets / (1.3 MB). Loaded Objects now: 4426.
Memory consumption went from 109.1 MB to 107.8 MB.
Total: 37.569300 ms (FindLiveObjects: 3.153000 ms CreateObjectMapping: 1.585600 ms MarkObjects: 26.146900 ms  DeleteObjects: 6.677600 ms)

Prepare: number of updated asset objects reloaded= 0
========================================================================
Received Import Request.
  Time since last request: 16681.227331 seconds.
  path: Assets/Resources/VuforiaConfiguration.asset
  artifactKey: Guid(3138c16231276ae4c995b7d1056e9e05) Importer(815301076,1909f56bfc062723c751e8b465ee728b)
Start importing Assets/Resources/VuforiaConfiguration.asset using Guid(3138c16231276ae4c995b7d1056e9e05) Importer(815301076,1909f56bfc062723c751e8b465ee728b) (PreviewImporter) -> (artifact id: '59ab697f611c85b30fda703c619dd897') in 1.3869295 seconds
Number of updated asset objects reloaded before import = 0Number of asset objects unloaded after import = 455

========================================================================
Received Prepare
Begin MonoManager ReloadAssembly
Symbol file LoadedFromMemory is not a mono symbol file
- Loaded All Assemblies, in  6.098 seconds
Refreshing native plugins compatible for Editor in 13.58 ms, found 6 plugins.
Native extension for Android target not found
Native extension for WindowsStandalone target not found
Mono: successfully reloaded assembly
- Finished resetting the current domain, in  4.017 seconds
Domain Reload Profiling: 10101ms
	BeginReloadAssembly (1841ms)
		ExecutionOrderSort (0ms)
		DisableScriptedObjects (104ms)
		BackupInstance (0ms)
		ReleaseScriptingObjects (2ms)
		CreateAndSetChildDomain (580ms)
	RebuildCommonClasses (240ms)
	RebuildNativeTypeToScriptingClass (75ms)
	initialDomainReloadingComplete (197ms)
	LoadAllAssembliesAndSetupDomain (3730ms)
		LoadAssemblies (3376ms)
		RebuildTransferFunctionScriptingTraits (0ms)
		AnalyzeDomain (1203ms)
			TypeCache.Refresh (32ms)
				TypeCache.ScanAssembly (0ms)
			BuildScriptInfoCaches (1105ms)
			ResolveRequiredComponents (27ms)
	FinalizeReload (4018ms)
		ReleaseScriptCaches (0ms)
		RebuildScriptCaches (0ms)
		SetupLoadedEditorAssemblies (3409ms)
			LogAssemblyErrors (0ms)
			InitializePlatformSupportModulesInManaged (58ms)
			SetLoadedEditorAssemblies (24ms)
			BeforeProcessingInitializeOnLoad (540ms)
			ProcessInitializeOnLoadAttributes (2589ms)
			ProcessInitializeOnLoadMethodAttributes (150ms)
			AfterProcessingInitializeOnLoad (46ms)
			EditorAssembliesLoaded (3ms)
		ExecutionOrderSort2 (0ms)
		AwakeInstancesAfterBackupRestoration (47ms)
Refreshing native plugins compatible for Editor in 28.43 ms, found 6 plugins.
Preloading 2 native plugins for Editor in 0.62 ms.
Unloading 2 Unused Serialized files (Serialized files now loaded: 0)
Unloading 3762 unused Assets / (0.7 MB). Loaded Objects now: 4431.
Memory consumption went from 105.3 MB to 104.6 MB.
Total: 41.837800 ms (FindLiveObjects: 2.280400 ms CreateObjectMapping: 1.371200 ms MarkObjects: 28.504900 ms  DeleteObjects: 9.676100 ms)

Prepare: number of updated asset objects reloaded= 0
========================================================================
Received Import Request.
  Time since last request: 107.905953 seconds.
  path: Assets/Resources/VuforiaConfiguration.asset
  artifactKey: Guid(3138c16231276ae4c995b7d1056e9e05) Importer(815301076,1909f56bfc062723c751e8b465ee728b)
Start importing Assets/Resources/VuforiaConfiguration.asset using Guid(3138c16231276ae4c995b7d1056e9e05) Importer(815301076,1909f56bfc062723c751e8b465ee728b) (PreviewImporter) -> (artifact id: '052cfdab9a37b89b69ae99f80f549511') in 0.131428 seconds
Number of updated asset objects reloaded before import = 0Number of asset objects unloaded after import = 455

========================================================================
Received Prepare
Begin MonoManager ReloadAssembly
Symbol file LoadedFromMemory is not a mono symbol file
- Loaded All Assemblies, in  1.763 seconds
Refreshing native plugins compatible for Editor in 29.55 ms, found 6 plugins.
Native extension for Android target not found
Native extension for WindowsStandalone target not found
Mono: successfully reloaded assembly
- Finished resetting the current domain, in  4.508 seconds
Domain Reload Profiling: 6268ms
	BeginReloadAssembly (538ms)
		ExecutionOrderSort (0ms)
		DisableScriptedObjects (8ms)
		BackupInstance (0ms)
		ReleaseScriptingObjects (0ms)
		CreateAndSetChildDomain (173ms)
	RebuildCommonClasses (82ms)
	RebuildNativeTypeToScriptingClass (27ms)
	initialDomainReloadingComplete (54ms)
	LoadAllAssembliesAndSetupDomain (1056ms)
		LoadAssemblies (719ms)
		RebuildTransferFunctionScriptingTraits (0ms)
		AnalyzeDomain (537ms)
			TypeCache.Refresh (13ms)
				TypeCache.ScanAssembly (0ms)
			BuildScriptInfoCaches (489ms)
			ResolveRequiredComponents (25ms)
	FinalizeReload (4510ms)
		ReleaseScriptCaches (0ms)
		RebuildScriptCaches (0ms)
		SetupLoadedEditorAssemblies (3837ms)
			LogAssemblyErrors (0ms)
			InitializePlatformSupportModulesInManaged (53ms)
			SetLoadedEditorAssemblies (16ms)
			BeforeProcessingInitializeOnLoad (892ms)
			ProcessInitializeOnLoadAttributes (2660ms)
			ProcessInitializeOnLoadMethodAttributes (176ms)
			AfterProcessingInitializeOnLoad (38ms)
			EditorAssembliesLoaded (1ms)
		ExecutionOrderSort2 (0ms)
		AwakeInstancesAfterBackupRestoration (29ms)
Refreshing native plugins compatible for Editor in 31.10 ms, found 6 plugins.
Preloading 2 native plugins for Editor in 0.87 ms.
Unloading 2 Unused Serialized files (Serialized files now loaded: 0)
Unloading 3762 unused Assets / (0.9 MB). Loaded Objects now: 4431.
Memory consumption went from 105.3 MB to 104.4 MB.
Total: 47.742200 ms (FindLiveObjects: 3.569100 ms CreateObjectMapping: 2.499700 ms MarkObjects: 31.845500 ms  DeleteObjects: 9.823900 ms)

Prepare: number of updated asset objects reloaded= 0
========================================================================
Received Import Request.
  Time since last request: 66.898015 seconds.
  path: Assets/Resources/VuforiaConfiguration.asset
  artifactKey: Guid(3138c16231276ae4c995b7d1056e9e05) Importer(815301076,1909f56bfc062723c751e8b465ee728b)
Start importing Assets/Resources/VuforiaConfiguration.asset using Guid(3138c16231276ae4c995b7d1056e9e05) Importer(815301076,1909f56bfc062723c751e8b465ee728b) (PreviewImporter) -> (artifact id: '28b75a8137774a448ba22cb73fd7811f') in 0.1298826 seconds
Number of updated asset objects reloaded before import = 0Number of asset objects unloaded after import = 455

========================================================================
Received Prepare
Begin MonoManager ReloadAssembly
Symbol file LoadedFromMemory is not a mono symbol file
- Loaded All Assemblies, in  4.015 seconds
Refreshing native plugins compatible for Editor in 10.59 ms, found 6 plugins.
Native extension for Android target not found
Native extension for WindowsStandalone target not found
Mono: successfully reloaded assembly
- Finished resetting the current domain, in  2.541 seconds
Domain Reload Profiling: 6549ms
	BeginReloadAssembly (904ms)
		ExecutionOrderSort (0ms)
		DisableScriptedObjects (29ms)
		BackupInstance (0ms)
		ReleaseScriptingObjects (0ms)
		CreateAndSetChildDomain (142ms)
	RebuildCommonClasses (172ms)
	RebuildNativeTypeToScriptingClass (77ms)
	initialDomainReloadingComplete (177ms)
	LoadAllAssembliesAndSetupDomain (2676ms)
		LoadAssemblies (2236ms)
		RebuildTransferFunctionScriptingTraits (0ms)
		AnalyzeDomain (1002ms)
			TypeCache.Refresh (34ms)
				TypeCache.ScanAssembly (0ms)
			BuildScriptInfoCaches (915ms)
			ResolveRequiredComponents (39ms)
	FinalizeReload (2543ms)
		ReleaseScriptCaches (0ms)
		RebuildScriptCaches (0ms)
		SetupLoadedEditorAssemblies (2115ms)
			LogAssemblyErrors (0ms)
			InitializePlatformSupportModulesInManaged (40ms)
			SetLoadedEditorAssemblies (12ms)
			BeforeProcessingInitializeOnLoad (323ms)
			ProcessInitializeOnLoadAttributes (1613ms)
			ProcessInitializeOnLoadMethodAttributes (104ms)
			AfterProcessingInitializeOnLoad (22ms)
			EditorAssembliesLoaded (0ms)
		ExecutionOrderSort2 (0ms)
		AwakeInstancesAfterBackupRestoration (15ms)
Refreshing native plugins compatible for Editor in 7.49 ms, found 6 plugins.
Preloading 2 native plugins for Editor in 0.28 ms.
Unloading 2 Unused Serialized files (Serialized files now loaded: 0)
Unloading 3762 unused Assets / (1.2 MB). Loaded Objects now: 4431.
Memory consumption went from 105.3 MB to 104.1 MB.
Total: 12.040300 ms (FindLiveObjects: 0.701900 ms CreateObjectMapping: 0.721600 ms MarkObjects: 8.558100 ms  DeleteObjects: 2.055800 ms)

Prepare: number of updated asset objects reloaded= 0
========================================================================
Received Import Request.
  Time since last request: 399.839190 seconds.
  path: Assets/RedDragon 1.2/Assets/Prefab/BlackDragon.prefab
  artifactKey: Guid(51a5e06934e40e1468d0367239466bc4) Importer(815301076,1909f56bfc062723c751e8b465ee728b)
Start importing Assets/RedDragon 1.2/Assets/Prefab/BlackDragon.prefab using Guid(51a5e06934e40e1468d0367239466bc4) Importer(815301076,1909f56bfc062723c751e8b465ee728b) (PreviewImporter)The legacy Animation Clip "BattleStance" cannot be used in the State "BattleStance". Legacy AnimationClips are not allowed in Animator Controllers.To use this animation in this Animator Controller, you must reimport in as a Generic or Humanoid animation clip
UnityEngine.Debug:ExtractStackTraceNoAlloc (byte*,int,string)
UnityEngine.StackTraceUtility:ExtractStackTrace ()
UnityEditor.EditorUtility:Internal_InstantiateRemoveAllNonAnimationComponentsSingle (UnityEngine.Object,UnityEngine.Vector3,UnityEngine.Quaternion)
UnityEditor.EditorUtility:InstantiateRemoveAllNonAnimationComponents (UnityEngine.Object,UnityEngine.Vector3,UnityEngine.Quaternion)
UnityEditor.EditorUtility:InstantiateForAnimatorPreview (UnityEngine.Object)
UnityEditor.GameObjectInspector/PreviewData:UpdateGameObject (UnityEngine.Object)
UnityEditor.GameObjectInspector/PreviewData:.ctor (UnityEngine.Object,bool)
UnityEditor.GameObjectInspector:GetPreviewData (bool)
UnityEditor.GameObjectInspector:RenderStaticPreview (string,UnityEngine.Object[],int,int)
UnityEditor.AssetPreviewUpdater:CreatePreview (UnityEngine.Object,UnityEngine.Object[],string,int,int)
UnityEditor.AssetPreviewUpdater:CreatePreviewForAsset (UnityEngine.Object,UnityEngine.Object[],string)

[C:\build\output\unity\unity\Editor\Src\Animation\StateMachine.cpp line 447]

The legacy Animation Clip "Bite" cannot be used in the State "Bite". Legacy AnimationClips are not allowed in Animator Controllers.To use this animation in this Animator Controller, you must reimport in as a Generic or Humanoid animation clip
UnityEngine.Debug:ExtractStackTraceNoAlloc (byte*,int,string)
UnityEngine.StackTraceUtility:ExtractStackTrace ()
UnityEditor.EditorUtility:Internal_InstantiateRemoveAllNonAnimationComponentsSingle (UnityEngine.Object,UnityEngine.Vector3,UnityEngine.Quaternion)
UnityEditor.EditorUtility:InstantiateRemoveAllNonAnimationComponents (UnityEngine.Object,UnityEngine.Vector3,UnityEngine.Quaternion)
UnityEditor.EditorUtility:InstantiateForAnimatorPreview (UnityEngine.Object)
UnityEditor.GameObjectInspector/PreviewData:UpdateGameObject (UnityEngine.Object)
UnityEditor.GameObjectInspector/PreviewData:.ctor (UnityEngine.Object,bool)
UnityEditor.GameObjectInspector:GetPreviewData (bool)
UnityEditor.GameObjectInspector:RenderStaticPreview (string,UnityEngine.Object[],int,int)
UnityEditor.AssetPreviewUpdater:CreatePreview (UnityEngine.Object,UnityEngine.Object[],string,int,int)
UnityEditor.AssetPreviewUpdater:CreatePreviewForAsset (UnityEngine.Object,UnityEngine.Object[],string)

[C:\build\output\unity\unity\Editor\Src\Animation\StateMachine.cpp line 447]

The legacy Animation Clip "Drakaris" cannot be used in the State "Drakaris". Legacy AnimationClips are not allowed in Animator Controllers.To use this animation in this Animator Controller, you must reimport in as a Generic or Humanoid animation clip
UnityEngine.Debug:ExtractStackTraceNoAlloc (byte*,int,string)
UnityEngine.StackTraceUtility:ExtractStackTrace ()
UnityEditor.EditorUtility:Internal_InstantiateRemoveAllNonAnimationComponentsSingle (UnityEngine.Object,UnityEngine.Vector3,UnityEngine.Quaternion)
UnityEditor.EditorUtility:InstantiateRemoveAllNonAnimationComponents (UnityEngine.Object,UnityEngine.Vector3,UnityEngine.Quaternion)
UnityEditor.EditorUtility:InstantiateForAnimatorPreview (UnityEngine.Object)
UnityEditor.GameObjectInspector/PreviewData:UpdateGameObject (UnityEngine.Object)
UnityEditor.GameObjectInspector/PreviewData:.ctor (UnityEngine.Object,bool)
UnityEditor.GameObjectInspector:GetPreviewData (bool)
UnityEditor.GameObjectInspector:RenderStaticPreview (string,UnityEngine.Object[],int,int)
UnityEditor.AssetPreviewUpdater:CreatePreview (UnityEngine.Object,UnityEngine.Object[],string,int,int)
UnityEditor.AssetPreviewUpdater:CreatePreviewForAsset (UnityEngine.Object,UnityEngine.Object[],string)

[C:\build\output\unity\unity\Editor\Src\Animation\StateMachine.cpp line 447]

The legacy Animation Clip "Flying FWD" cannot be used in the State "FlyingFWD". Legacy AnimationClips are not allowed in Animator Controllers.To use this animation in this Animator Controller, you must reimport in as a Generic or Humanoid animation clip
UnityEngine.Debug:ExtractStackTraceNoAlloc (byte*,int,string)
UnityEngine.StackTraceUtility:ExtractStackTrace ()
UnityEditor.EditorUtility:Internal_InstantiateRemoveAllNonAnimationComponentsSingle (UnityEngine.Object,UnityEngine.Vector3,UnityEngine.Quaternion)
UnityEditor.EditorUtility:InstantiateRemoveAllNonAnimationComponents (UnityEngine.Object,UnityEngine.Vector3,UnityEngine.Quaternion)
UnityEditor.EditorUtility:InstantiateForAnimatorPreview (UnityEngine.Object)
UnityEditor.GameObjectInspector/PreviewData:UpdateGameObject (UnityEngine.Object)
UnityEditor.GameObjectInspector/PreviewData:.ctor (UnityEngine.Object,bool)
UnityEditor.GameObjectInspector:GetPreviewData (bool)
UnityEditor.GameObjectInspector:RenderStaticPreview (string,UnityEngine.Object[],int,int)
UnityEditor.AssetPreviewUpdater:CreatePreview (UnityEngine.Object,UnityEngine.Object[],string,int,int)
UnityEditor.AssetPreviewUpdater:CreatePreviewForAsset (UnityEngine.Object,UnityEngine.Object[],string)

[C:\build\output\unity\unity\Editor\Src\Animation\StateMachine.cpp line 447]

The legacy Animation Clip "FlyingAttack" cannot be used in the State "FlyingAttack". Legacy AnimationClips are not allowed in Animator Controllers.To use this animation in this Animator Controller, you must reimport in as a Generic or Humanoid animation clip
UnityEngine.Debug:ExtractStackTraceNoAlloc (byte*,int,string)
UnityEngine.StackTraceUtility:ExtractStackTrace ()
UnityEditor.EditorUtility:Internal_InstantiateRemoveAllNonAnimationComponentsSingle (UnityEngine.Object,UnityEngine.Vector3,UnityEngine.Quaternion)
UnityEditor.EditorUtility:InstantiateRemoveAllNonAnimationComponents (UnityEngine.Object,UnityEngine.Vector3,UnityEngine.Quaternion)
UnityEditor.EditorUtility:InstantiateForAnimatorPreview (UnityEngine.Object)
UnityEditor.GameObjectInspector/PreviewData:UpdateGameObject (UnityEngine.Object)
UnityEditor.GameObjectInspector/PreviewData:.ctor (UnityEngine.Object,bool)
UnityEditor.GameObjectInspector:GetPreviewData (bool)
UnityEditor.GameObjectInspector:RenderStaticPreview (string,UnityEngine.Object[],int,int)
UnityEditor.AssetPreviewUpdater:CreatePreview (UnityEngine.Object,UnityEngine.Object[],string,int,int)
UnityEditor.AssetPreviewUpdater:CreatePreviewForAsset (UnityEngine.Object,UnityEngine.Object[],string)

[C:\build\output\unity\unity\Editor\Src\Animation\StateMachine.cpp line 447]

The legacy Animation Clip "Hover" cannot be used in the State "Hover". Legacy AnimationClips are not allowed in Animator Controllers.To use this animation in this Animator Controller, you must reimport in as a Generic or Humanoid animation clip
UnityEngine.Debug:ExtractStackTraceNoAlloc (byte*,int,string)
UnityEngine.StackTraceUtility:ExtractStackTrace ()
UnityEditor.EditorUtility:Internal_InstantiateRemoveAllNonAnimationComponentsSingle (UnityEngine.Object,UnityEngine.Vector3,UnityEngine.Quaternion)
UnityEditor.EditorUtility:InstantiateRemoveAllNonAnimationComponents (UnityEngine.Object,UnityEngine.Vector3,UnityEngine.Quaternion)
UnityEditor.EditorUtility:InstantiateForAnimatorPreview (UnityEngine.Object)
UnityEditor.GameObjectInspector/PreviewData:UpdateGameObject (UnityEngine.Object)
UnityEditor.GameObjectInspector/PreviewData:.ctor (UnityEngine.Object,bool)
UnityEditor.GameObjectInspector:GetPreviewData (bool)
UnityEditor.GameObjectInspector:RenderStaticPreview (string,UnityEngine.Object[],int,int)
UnityEditor.AssetPreviewUpdater:CreatePreview (UnityEngine.Object,UnityEngine.Object[],string,int,int)
UnityEditor.AssetPreviewUpdater:CreatePreviewForAsset (UnityEngine.Object,UnityEngine.Object[],string)

[C:\build\output\unity\unity\Editor\Src\Animation\StateMachine.cpp line 447]

The legacy Animation Clip "IdleAgressive" cannot be used in the State "IdleAgressive". Legacy AnimationClips are not allowed in Animator Controllers.To use this animation in this Animator Controller, you must reimport in as a Generic or Humanoid animation clip
UnityEngine.Debug:ExtractStackTraceNoAlloc (byte*,int,string)
UnityEngine.StackTraceUtility:ExtractStackTrace ()
UnityEditor.EditorUtility:Internal_InstantiateRemoveAllNonAnimationComponentsSingle (UnityEngine.Object,UnityEngine.Vector3,UnityEngine.Quaternion)
UnityEditor.EditorUtility:InstantiateRemoveAllNonAnimationComponents (UnityEngine.Object,UnityEngine.Vector3,UnityEngine.Quaternion)
UnityEditor.EditorUtility:InstantiateForAnimatorPreview (UnityEngine.Object)
UnityEditor.GameObjectInspector/PreviewData:UpdateGameObject (UnityEngine.Object)
UnityEditor.GameObjectInspector/PreviewData:.ctor (UnityEngine.Object,bool)
UnityEditor.GameObjectInspector:GetPreviewData (bool)
UnityEditor.GameObjectInspector:RenderStaticPreview (string,UnityEngine.Object[],int,int)
UnityEditor.AssetPreviewUpdater:CreatePreview (UnityEngine.Object,UnityEngine.Object[],string,int,int)
UnityEditor.AssetPreviewUpdater:CreatePreviewForAsset (UnityEngine.Object,UnityEngine.Object[],string)

[C:\build\output\unity\unity\Editor\Src\Animation\StateMachine.cpp line 447]

The legacy Animation Clip "IdleRestless" cannot be used in the State "IdleRestless". Legacy AnimationClips are not allowed in Animator Controllers.To use this animation in this Animator Controller, you must reimport in as a Generic or Humanoid animation clip
UnityEngine.Debug:ExtractStackTraceNoAlloc (byte*,int,string)
UnityEngine.StackTraceUtility:ExtractStackTrace ()
UnityEditor.EditorUtility:Internal_InstantiateRemoveAllNonAnimationComponentsSingle (UnityEngine.Object,UnityEngine.Vector3,UnityEngine.Quaternion)
UnityEditor.EditorUtility:InstantiateRemoveAllNonAnimationComponents (UnityEngine.Object,UnityEngine.Vector3,UnityEngine.Quaternion)
UnityEditor.EditorUtility:InstantiateForAnimatorPreview (UnityEngine.Object)
UnityEditor.GameObjectInspector/PreviewData:UpdateGameObject (UnityEngine.Object)
UnityEditor.GameObjectInspector/PreviewData:.ctor (UnityEngine.Object,bool)
UnityEditor.GameObjectInspector:GetPreviewData (bool)
UnityEditor.GameObjectInspector:RenderStaticPreview (string,UnityEngine.Object[],int,int)
UnityEditor.AssetPreviewUpdater:CreatePreview (UnityEngine.Object,UnityEngine.Object[],string,int,int)
UnityEditor.AssetPreviewUpdater:CreatePreviewForAsset (UnityEngine.Object,UnityEngine.Object[],string)

[C:\build\output\unity\unity\Editor\Src\Animation\StateMachine.cpp line 447]

The legacy Animation Clip "IdleSimple" cannot be used in the State "IdleSimple". Legacy AnimationClips are not allowed in Animator Controllers.To use this animation in this Animator Controller, you must reimport in as a Generic or Humanoid animation clip
UnityEngine.Debug:ExtractStackTraceNoAlloc (byte*,int,string)
UnityEngine.StackTraceUtility:ExtractStackTrace ()
UnityEditor.EditorUtility:Internal_InstantiateRemoveAllNonAnimationComponentsSingle (UnityEngine.Object,UnityEngine.Vector3,UnityEngine.Quaternion)
UnityEditor.EditorUtility:InstantiateRemoveAllNonAnimationComponents (UnityEngine.Object,UnityEngine.Vector3,UnityEngine.Quaternion)
UnityEditor.EditorUtility:InstantiateForAnimatorPreview (UnityEngine.Object)
UnityEditor.GameObjectInspector/PreviewData:UpdateGameObject (UnityEngine.Object)
UnityEditor.GameObjectInspector/PreviewData:.ctor (UnityEngine.Object,bool)
UnityEditor.GameObjectInspector:GetPreviewData (bool)
UnityEditor.GameObjectInspector:RenderStaticPreview (string,UnityEngine.Object[],int,int)
UnityEditor.AssetPreviewUpdater:CreatePreview (UnityEngine.Object,UnityEngine.Object[],string,int,int)
UnityEditor.AssetPreviewUpdater:CreatePreviewForAsset (UnityEngine.Object,UnityEngine.Object[],string)

[C:\build\output\unity\unity\Editor\Src\Animation\StateMachine.cpp line 447]

The legacy Animation Clip "Lands" cannot be used in the State "Lands". Legacy AnimationClips are not allowed in Animator Controllers.To use this animation in this Animator Controller, you must reimport in as a Generic or Humanoid animation clip
UnityEngine.Debug:ExtractStackTraceNoAlloc (byte*,int,string)
UnityEngine.StackTraceUtility:ExtractStackTrace ()
UnityEditor.EditorUtility:Internal_InstantiateRemoveAllNonAnimationComponentsSingle (UnityEngine.Object,UnityEngine.Vector3,UnityEngine.Quaternion)
UnityEditor.EditorUtility:InstantiateRemoveAllNonAnimationComponents (UnityEngine.Object,UnityEngine.Vector3,UnityEngine.Quaternion)
UnityEditor.EditorUtility:InstantiateForAnimatorPreview (UnityEngine.Object)
UnityEditor.GameObjectInspector/PreviewData:UpdateGameObject (UnityEngine.Object)
UnityEditor.GameObjectInspector/PreviewData:.ctor (UnityEngine.Object,bool)
UnityEditor.GameObjectInspector:GetPreviewData (bool)
UnityEditor.GameObjectInspector:RenderStaticPreview (string,UnityEngine.Object[],int,int)
UnityEditor.AssetPreviewUpdater:CreatePreview (UnityEngine.Object,UnityEngine.Object[],string,int,int)
UnityEditor.AssetPreviewUpdater:CreatePreviewForAsset (UnityEngine.Object,UnityEngine.Object[],string)

[C:\build\output\unity\unity\Editor\Src\Animation\StateMachine.cpp line 447]

The legacy Animation Clip "TakeOff" cannot be used in the State "TakeOff". Legacy AnimationClips are not allowed in Animator Controllers.To use this animation in this Animator Controller, you must reimport in as a Generic or Humanoid animation clip
UnityEngine.Debug:ExtractStackTraceNoAlloc (byte*,int,string)
UnityEngine.StackTraceUtility:ExtractStackTrace ()
UnityEditor.EditorUtility:Internal_InstantiateRemoveAllNonAnimationComponentsSingle (UnityEngine.Object,UnityEngine.Vector3,UnityEngine.Quaternion)
UnityEditor.EditorUtility:InstantiateRemoveAllNonAnimationComponents (UnityEngine.Object,UnityEngine.Vector3,UnityEngine.Quaternion)
UnityEditor.EditorUtility:InstantiateForAnimatorPreview (UnityEngine.Object)
UnityEditor.GameObjectInspector/PreviewData:UpdateGameObject (UnityEngine.Object)
UnityEditor.GameObjectInspector/PreviewData:.ctor (UnityEngine.Object,bool)
UnityEditor.GameObjectInspector:GetPreviewData (bool)
UnityEditor.GameObjectInspector:RenderStaticPreview (string,UnityEngine.Object[],int,int)
UnityEditor.AssetPreviewUpdater:CreatePreview (UnityEngine.Object,UnityEngine.Object[],string,int,int)
UnityEditor.AssetPreviewUpdater:CreatePreviewForAsset (UnityEngine.Object,UnityEngine.Object[],string)

[C:\build\output\unity\unity\Editor\Src\Animation\StateMachine.cpp line 447]

The legacy Animation Clip "Walk" cannot be used in the State "Walk". Legacy AnimationClips are not allowed in Animator Controllers.To use this animation in this Animator Controller, you must reimport in as a Generic or Humanoid animation clip
UnityEngine.Debug:ExtractStackTraceNoAlloc (byte*,int,string)
UnityEngine.StackTraceUtility:ExtractStackTrace ()
UnityEditor.EditorUtility:Internal_InstantiateRemoveAllNonAnimationComponentsSingle (UnityEngine.Object,UnityEngine.Vector3,UnityEngine.Quaternion)
UnityEditor.EditorUtility:InstantiateRemoveAllNonAnimationComponents (UnityEngine.Object,UnityEngine.Vector3,UnityEngine.Quaternion)
UnityEditor.EditorUtility:InstantiateForAnimatorPreview (UnityEngine.Object)
UnityEditor.GameObjectInspector/PreviewData:UpdateGameObject (UnityEngine.Object)
UnityEditor.GameObjectInspector/PreviewData:.ctor (UnityEngine.Object,bool)
UnityEditor.GameObjectInspector:GetPreviewData (bool)
UnityEditor.GameObjectInspector:RenderStaticPreview (string,UnityEngine.Object[],int,int)
UnityEditor.AssetPreviewUpdater:CreatePreview (UnityEngine.Object,UnityEngine.Object[],string,int,int)
UnityEditor.AssetPreviewUpdater:CreatePreviewForAsset (UnityEngine.Object,UnityEngine.Object[],string)

[C:\build\output\unity\unity\Editor\Src\Animation\StateMachine.cpp line 447]

The legacy Animation Clip "Die" cannot be used in the State "Die". Legacy AnimationClips are not allowed in Animator Controllers.To use this animation in this Animator Controller, you must reimport in as a Generic or Humanoid animation clip
UnityEngine.Debug:ExtractStackTraceNoAlloc (byte*,int,string)
UnityEngine.StackTraceUtility:ExtractStackTrace ()
UnityEditor.EditorUtility:Internal_InstantiateRemoveAllNonAnimationComponentsSingle (UnityEngine.Object,UnityEngine.Vector3,UnityEngine.Quaternion)
UnityEditor.EditorUtility:InstantiateRemoveAllNonAnimationComponents (UnityEngine.Object,UnityEngine.Vector3,UnityEngine.Quaternion)
UnityEditor.EditorUtility:InstantiateForAnimatorPreview (UnityEngine.Object)
UnityEditor.GameObjectInspector/PreviewData:UpdateGameObject (UnityEngine.Object)
UnityEditor.GameObjectInspector/PreviewData:.ctor (UnityEngine.Object,bool)
UnityEditor.GameObjectInspector:GetPreviewData (bool)
UnityEditor.GameObjectInspector:RenderStaticPreview (string,UnityEngine.Object[],int,int)
UnityEditor.AssetPreviewUpdater:CreatePreview (UnityEngine.Object,UnityEngine.Object[],string,int,int)
UnityEditor.AssetPreviewUpdater:CreatePreviewForAsset (UnityEngine.Object,UnityEngine.Object[],string)

[C:\build\output\unity\unity\Editor\Src\Animation\StateMachine.cpp line 447]

 -> (artifact id: '8c90f38e0444d1ec59a11de38d51fe13') in 3.3799058 seconds
Number of updated asset objects reloaded before import = 0Number of asset objects unloaded after import = 341

========================================================================
Received Prepare
Begin MonoManager ReloadAssembly
Symbol file LoadedFromMemory is not a mono symbol file
- Loaded All Assemblies, in  3.865 seconds
Refreshing native plugins compatible for Editor in 9.77 ms, found 6 plugins.
Native extension for Android target not found
Native extension for WindowsStandalone target not found
Mono: successfully reloaded assembly
- Finished resetting the current domain, in  1.950 seconds
Domain Reload Profiling: 5792ms
	BeginReloadAssembly (962ms)
		ExecutionOrderSort (0ms)
		DisableScriptedObjects (24ms)
		BackupInstance (0ms)
		ReleaseScriptingObjects (0ms)
		CreateAndSetChildDomain (161ms)
	RebuildCommonClasses (239ms)
	RebuildNativeTypeToScriptingClass (50ms)
	initialDomainReloadingComplete (216ms)
	LoadAllAssembliesAndSetupDomain (2372ms)
		LoadAssemblies (1816ms)
		RebuildTransferFunctionScriptingTraits (0ms)
		AnalyzeDomain (1167ms)
			TypeCache.Refresh (33ms)
				TypeCache.ScanAssembly (0ms)
			BuildScriptInfoCaches (1091ms)
			ResolveRequiredComponents (33ms)
	FinalizeReload (1952ms)
		ReleaseScriptCaches (0ms)
		RebuildScriptCaches (0ms)
		SetupLoadedEditorAssemblies (1562ms)
			LogAssemblyErrors (0ms)
			InitializePlatformSupportModulesInManaged (34ms)
			SetLoadedEditorAssemblies (8ms)
			BeforeProcessingInitializeOnLoad (411ms)
			ProcessInitializeOnLoadAttributes (992ms)
			ProcessInitializeOnLoadMethodAttributes (95ms)
			AfterProcessingInitializeOnLoad (21ms)
			EditorAssembliesLoaded (0ms)
		ExecutionOrderSort2 (0ms)
		AwakeInstancesAfterBackupRestoration (16ms)
Refreshing native plugins compatible for Editor in 7.57 ms, found 6 plugins.
Preloading 2 native plugins for Editor in 0.37 ms.
Unloading 2 Unused Serialized files (Serialized files now loaded: 0)
Unloading 3760 unused Assets / (1.3 MB). Loaded Objects now: 4431.
Memory consumption went from 105.3 MB to 104.0 MB.
Total: 15.854100 ms (FindLiveObjects: 0.958100 ms CreateObjectMapping: 0.745100 ms MarkObjects: 10.937000 ms  DeleteObjects: 3.209700 ms)

Prepare: number of updated asset objects reloaded= 0
========================================================================
Received Prepare
Begin MonoManager ReloadAssembly
Symbol file LoadedFromMemory is not a mono symbol file
- Loaded All Assemblies, in  2.279 seconds
Refreshing native plugins compatible for Editor in 9.63 ms, found 6 plugins.
Native extension for Android target not found
Native extension for WindowsStandalone target not found
Mono: successfully reloaded assembly
- Finished resetting the current domain, in  2.201 seconds
Domain Reload Profiling: 4470ms
	BeginReloadAssembly (619ms)
		ExecutionOrderSort (0ms)
		DisableScriptedObjects (21ms)
		BackupInstance (0ms)
		ReleaseScriptingObjects (0ms)
		CreateAndSetChildDomain (124ms)
	RebuildCommonClasses (138ms)
	RebuildNativeTypeToScriptingClass (61ms)
	initialDomainReloadingComplete (121ms)
	LoadAllAssembliesAndSetupDomain (1330ms)
		LoadAssemblies (1124ms)
		RebuildTransferFunctionScriptingTraits (0ms)
		AnalyzeDomain (543ms)
			TypeCache.Refresh (23ms)
				TypeCache.ScanAssembly (0ms)
			BuildScriptInfoCaches (486ms)
			ResolveRequiredComponents (22ms)
	FinalizeReload (2202ms)
		ReleaseScriptCaches (0ms)
		RebuildScriptCaches (0ms)
		SetupLoadedEditorAssemblies (1820ms)
			LogAssemblyErrors (0ms)
			InitializePlatformSupportModulesInManaged (38ms)
			SetLoadedEditorAssemblies (10ms)
			BeforeProcessingInitializeOnLoad (387ms)
			ProcessInitializeOnLoadAttributes (1269ms)
			ProcessInitializeOnLoadMethodAttributes (98ms)
			AfterProcessingInitializeOnLoad (16ms)
			EditorAssembliesLoaded (1ms)
		ExecutionOrderSort2 (0ms)
		AwakeInstancesAfterBackupRestoration (16ms)
Refreshing native plugins compatible for Editor in 8.03 ms, found 6 plugins.
Preloading 2 native plugins for Editor in 0.21 ms.
Unloading 2 Unused Serialized files (Serialized files now loaded: 0)
Unloading 3760 unused Assets / (1.7 MB). Loaded Objects now: 4431.
Memory consumption went from 105.7 MB to 104.0 MB.
Total: 14.343800 ms (FindLiveObjects: 0.693500 ms CreateObjectMapping: 0.847200 ms MarkObjects: 8.364500 ms  DeleteObjects: 4.435100 ms)

Prepare: number of updated asset objects reloaded= 0
========================================================================
Received Prepare
Begin MonoManager ReloadAssembly
Symbol file LoadedFromMemory is not a mono symbol file
- Loaded All Assemblies, in  2.962 seconds
Refreshing native plugins compatible for Editor in 15.45 ms, found 6 plugins.
Native extension for Android target not found
Native extension for WindowsStandalone target not found
Mono: successfully reloaded assembly
- Finished resetting the current domain, in  2.699 seconds
Domain Reload Profiling: 5650ms
	BeginReloadAssembly (937ms)
		ExecutionOrderSort (0ms)
		DisableScriptedObjects (36ms)
		BackupInstance (0ms)
		ReleaseScriptingObjects (0ms)
		CreateAndSetChildDomain (147ms)
	RebuildCommonClasses (187ms)
	RebuildNativeTypeToScriptingClass (66ms)
	initialDomainReloadingComplete (133ms)
	LoadAllAssembliesAndSetupDomain (1625ms)
		LoadAssemblies (1543ms)
		RebuildTransferFunctionScriptingTraits (0ms)
		AnalyzeDomain (672ms)
			TypeCache.Refresh (20ms)
				TypeCache.ScanAssembly (0ms)
			BuildScriptInfoCaches (619ms)
			ResolveRequiredComponents (27ms)
	FinalizeReload (2702ms)
		ReleaseScriptCaches (0ms)
		RebuildScriptCaches (0ms)
		SetupLoadedEditorAssemblies (2186ms)
			LogAssemblyErrors (0ms)
			InitializePlatformSupportModulesInManaged (48ms)
			SetLoadedEditorAssemblies (10ms)
			BeforeProcessingInitializeOnLoad (488ms)
			ProcessInitializeOnLoadAttributes (1484ms)
			ProcessInitializeOnLoadMethodAttributes (121ms)
			AfterProcessingInitializeOnLoad (33ms)
			EditorAssembliesLoaded (1ms)
		ExecutionOrderSort2 (0ms)
		AwakeInstancesAfterBackupRestoration (33ms)
Refreshing native plugins compatible for Editor in 15.41 ms, found 6 plugins.
Preloading 2 native plugins for Editor in 0.68 ms.
Unloading 2 Unused Serialized files (Serialized files now loaded: 0)
Unloading 3760 unused Assets / (1.1 MB). Loaded Objects now: 4431.
Memory consumption went from 106.1 MB to 104.9 MB.
Total: 22.663600 ms (FindLiveObjects: 1.432400 ms CreateObjectMapping: 1.606600 ms MarkObjects: 13.500900 ms  DeleteObjects: 6.119800 ms)

Prepare: number of updated asset objects reloaded= 0
